<?xml version="1.0" encoding="UTF-8"?>
<!-- Generated by org.testng.reporters.JUnitReportReporter -->
<testsuite hostname="Sajid" failures="0" tests="1" name="fast.com.MobileAutomationBasic.AppTest" time="22.850" errors="0" timestamp="2024-02-11T15:08:24 BDT" skipped="0">
  <testcase classname="fast.com.MobileAutomationBasic.AppTest" name="testGeneralStoreApk" time="22.850"/>
</testsuite> <!-- fast.com.MobileAutomationBasic.AppTest -->
